<?xml version="1.0" encoding="UTF-8"?>
<!-- Generated by org.testng.reporters.JUnitXMLReporter -->
<testsuite hostname="LAPTOP-20464U94" ignored="0" name="Test" tests="1" failures="1" timestamp="16 Feb 2020 02:22:39 GMT" time="6.686" errors="0">
  <testcase name="verifyLogin" time="1.289" classname="testcases.LoginTest">
    <failure type="java.lang.AssertionError" message="expected [AccountSummary] but found [Account Summary]">
      <![CDATA[java.lang.AssertionError: expected [AccountSummary] but found [Account Summary]
at testcases.LoginTest.verifyLogin(LoginTest.java:33)
... Removed 31 stack frames]]>
    </failure>
  </testcase> <!-- verifyLogin -->
</testsuite> <!-- Test -->
